{"/home/vlad/project1/frontend-project-lvl2/src/diff.js": {"path":"/home/vlad/project1/frontend-project-lvl2/src/diff.js","statementMap":{"0":{"start":{"line":5,"column":17},"end":{"line":10,"column":1}},"1":{"start":{"line":6,"column":25},"end":{"line":6,"column":72}},"2":{"start":{"line":7,"column":19},"end":{"line":7,"column":59}},"3":{"start":{"line":8,"column":18},"end":{"line":8,"column":38}},"4":{"start":{"line":9,"column":2},"end":{"line":9,"column":17}},"5":{"start":{"line":12,"column":17},"end":{"line":30,"column":1}},"6":{"start":{"line":13,"column":18},"end":{"line":13,"column":33}},"7":{"start":{"line":14,"column":22},"end":{"line":14,"column":42}},"8":{"start":{"line":15,"column":18},"end":{"line":15,"column":33}},"9":{"start":{"line":16,"column":22},"end":{"line":16,"column":42}},"10":{"start":{"line":17,"column":24},"end":{"line":17,"column":54}},"11":{"start":{"line":18,"column":22},"end":{"line":18,"column":53}},"12":{"start":{"line":19,"column":27},"end":{"line":28,"column":8}},"13":{"start":{"line":20,"column":25},"end":{"line":20,"column":31}},"14":{"start":{"line":21,"column":4},"end":{"line":23,"column":5}},"15":{"start":{"line":22,"column":6},"end":{"line":22,"column":115}},"16":{"start":{"line":24,"column":4},"end":{"line":26,"column":5}},"17":{"start":{"line":25,"column":6},"end":{"line":25,"column":48}},"18":{"start":{"line":27,"column":4},"end":{"line":27,"column":75}},"19":{"start":{"line":29,"column":2},"end":{"line":29,"column":48}}},"fnMap":{"0":{"name":"(anonymous_0)","decl":{"start":{"line":5,"column":17},"end":{"line":5,"column":18}},"loc":{"start":{"line":5,"column":33},"end":{"line":10,"column":1}},"line":5},"1":{"name":"(anonymous_1)","decl":{"start":{"line":12,"column":17},"end":{"line":12,"column":18}},"loc":{"start":{"line":12,"column":35},"end":{"line":30,"column":1}},"line":12},"2":{"name":"(anonymous_2)","decl":{"start":{"line":19,"column":64},"end":{"line":19,"column":65}},"loc":{"start":{"line":19,"column":81},"end":{"line":28,"column":3}},"line":19}},"branchMap":{"0":{"loc":{"start":{"line":21,"column":4},"end":{"line":23,"column":5}},"type":"if","locations":[{"start":{"line":21,"column":4},"end":{"line":23,"column":5}},{"start":{"line":21,"column":4},"end":{"line":23,"column":5}}],"line":21},"1":{"loc":{"start":{"line":22,"column":13},"end":{"line":22,"column":114}},"type":"cond-expr","locations":[{"start":{"line":22,"column":43},"end":{"line":22,"column":77}},{"start":{"line":22,"column":80},"end":{"line":22,"column":114}}],"line":22},"2":{"loc":{"start":{"line":24,"column":4},"end":{"line":26,"column":5}},"type":"if","locations":[{"start":{"line":24,"column":4},"end":{"line":26,"column":5}},{"start":{"line":24,"column":4},"end":{"line":26,"column":5}}],"line":24}},"s":{"0":1,"1":2,"2":2,"3":2,"4":2,"5":1,"6":1,"7":1,"8":1,"9":1,"10":1,"11":1,"12":1,"13":5,"14":5,"15":3,"16":2,"17":1,"18":1,"19":1},"f":{"0":2,"1":1,"2":5},"b":{"0":[3,2],"1":[2,1],"2":[1,1]},"_coverageSchema":"1a1c01bbd47fc00a2c39e90264f33305004495a9","hash":"cfa9064419bbfdccc39800a6fac61b59e1eb7c5d"}
,"/home/vlad/project1/frontend-project-lvl2/src/index.js": {"path":"/home/vlad/project1/frontend-project-lvl2/src/index.js","statementMap":{},"fnMap":{},"branchMap":{},"s":{},"f":{},"b":{},"_coverageSchema":"1a1c01bbd47fc00a2c39e90264f33305004495a9","hash":"b99aef6c7e785da584c39741e79ce95df1007a5f"}
}
